#
# There is insufficient memory for the Java Runtime Environment to continue.
# Native memory allocation (malloc) failed to allocate 264896 bytes. Error detail: Chunk::new
# Possible reasons:
#   The system is out of physical RAM or swap space
#   This process is running with CompressedOops enabled, and the Java Heap may be blocking the growth of the native heap
# Possible solutions:
#   Reduce memory load on the system
#   Increase physical memory or swap space
#   Check if swap backing store is full
#   Decrease Java heap size (-Xmx/-Xms)
#   Decrease number of Java threads
#   Decrease Java thread stack sizes (-Xss)
#   Set larger code cache with -XX:ReservedCodeCacheSize=
#   JVM is running with Unscaled Compressed Oops mode in which the Java heap is
#     placed in the first 4GB address space. The Java Heap base address is the
#     maximum limit for the native heap growth. Please use -XX:HeapBaseMinAddress
#     to set the Java Heap base and to place the Java Heap above 4GB virtual address.
# This output file may be truncated or incomplete.
#
#  Out of Memory Error (arena.cpp:168), pid=10356, tid=23432
#
# JRE version: OpenJDK Runtime Environment Temurin-21.0.9+10 (21.0.9+10) (build 21.0.9+10-LTS)
# Java VM: OpenJDK 64-Bit Server VM Temurin-21.0.9+10 (21.0.9+10-LTS, mixed mode, sharing, tiered, compressed oops, compressed class ptrs, parallel gc, windows-amd64)
# No core dump will be written. Minidumps are not enabled by default on client versions of Windows
#

---------------  S U M M A R Y ------------

Command Line: --add-modules=ALL-SYSTEM --add-opens=java.base/java.util=ALL-UNNAMED --add-opens=java.base/java.lang=ALL-UNNAMED --add-opens=java.base/sun.nio.fs=ALL-UNNAMED -Declipse.application=org.eclipse.jdt.ls.core.id1 -Dosgi.bundles.defaultStartLevel=4 -Declipse.product=org.eclipse.jdt.ls.core.product -Djava.import.generatesMetadataFilesAtProjectRoot=false -DDetectVMInstallationsJob.disabled=true -Dfile.encoding=utf8 -XX:+UseParallelGC -XX:GCTimeRatio=4 -XX:AdaptiveSizePolicyWeight=90 -Dsun.zip.disableMemoryMapping=true -Xmx2G -Xms100m -Xlog:disable -javaagent:c:\Users\franc\.vscode\extensions\redhat.java-1.50.0-win32-x64\lombok\lombok-1.18.39-4050.jar -XX:+HeapDumpOnOutOfMemoryError -XX:HeapDumpPath=c:\Users\franc\AppData\Roaming\Code\User\workspaceStorage\1deb75d25f63998db61618f50a891bc7\redhat.java -Daether.dependencyCollector.impl=bf c:\Users\franc\.vscode\extensions\redhat.java-1.50.0-win32-x64\server\plugins\org.eclipse.equinox.launcher_1.7.100.v20251111-0406.jar -configuration c:\Users\franc\AppData\Roaming\Code\User\globalStorage\redhat.java\1.50.0\config_win -data c:\Users\franc\AppData\Roaming\Code\User\workspaceStorage\1deb75d25f63998db61618f50a891bc7\redhat.java\jdt_ws --pipe=\\.\pipe\lsp-dbfebd4e3612d3310933a800c637b473-sock

Host: AMD Athlon Silver 3050U with Radeon Graphics   , 2 cores, 5G,  Windows 11 , 64 bit Build 26100 (10.0.26100.7019)
Time: Wed Dec 10 16:48:48 2025 Hora est. Pacífico, Sudamérica elapsed time: 17.046632 seconds (0d 0h 0m 17s)

---------------  T H R E A D  ---------------

Current thread (0x000001aefb695d70):  JavaThread "C2 CompilerThread0" daemon [_thread_in_native, id=23432, stack(0x0000008e3de00000,0x0000008e3df00000) (1024K)]


Current CompileTask:
C2:17046 1779 %     4       java.io.WinNTFileSystem::normalize @ 58 (224 bytes)

Stack: [0x0000008e3de00000,0x0000008e3df00000]
Native frames: (J=compiled Java code, j=interpreted, Vv=VM code, C=native code)
V  [jvm.dll+0x6d6e29]
V  [jvm.dll+0x8b4b76]
V  [jvm.dll+0x8b712e]
V  [jvm.dll+0x8b7813]
V  [jvm.dll+0x283d86]
V  [jvm.dll+0xc66ed]
V  [jvm.dll+0xc6c31]
V  [jvm.dll+0x3be53b]
V  [jvm.dll+0x38ab92]
V  [jvm.dll+0x389fda]
V  [jvm.dll+0x24bfa0]
V  [jvm.dll+0x24b580]
V  [jvm.dll+0x1cb13e]
V  [jvm.dll+0x25b29d]
V  [jvm.dll+0x25982a]
V  [jvm.dll+0x3f7ea6]
V  [jvm.dll+0x85e9ad]
V  [jvm.dll+0x6d565d]
C  [ucrtbase.dll+0x37b0]
C  [KERNEL32.DLL+0x2e8d7]
C  [ntdll.dll+0x8c53c]


---------------  P R O C E S S  ---------------

Threads class SMR info:
_java_thread_list=0x000001aed8369840, length=12, elements={
0x000001aefb7dbd90, 0x000001aefb688d70, 0x000001aefb68af20, 0x000001aefb68bf00,
0x000001aefb690230, 0x000001aefb6945a0, 0x000001aefb694ff0, 0x000001aefb695d70,
0x000001aefb7096f0, 0x000001aeff7d0970, 0x000001aeff927190, 0x000001aeff9ddd10
}

Java Threads: ( => current thread )
  0x000001aefb7dbd90 JavaThread "main"                              [_thread_in_native, id=21152, stack(0x0000008e3d400000,0x0000008e3d500000) (1024K)]
  0x000001aefb688d70 JavaThread "Reference Handler"          daemon [_thread_blocked, id=2264, stack(0x0000008e3d800000,0x0000008e3d900000) (1024K)]
  0x000001aefb68af20 JavaThread "Finalizer"                  daemon [_thread_blocked, id=21896, stack(0x0000008e3d900000,0x0000008e3da00000) (1024K)]
  0x000001aefb68bf00 JavaThread "Signal Dispatcher"          daemon [_thread_blocked, id=13948, stack(0x0000008e3da00000,0x0000008e3db00000) (1024K)]
  0x000001aefb690230 JavaThread "Attach Listener"            daemon [_thread_blocked, id=23460, stack(0x0000008e3db00000,0x0000008e3dc00000) (1024K)]
  0x000001aefb6945a0 JavaThread "Service Thread"             daemon [_thread_blocked, id=18528, stack(0x0000008e3dc00000,0x0000008e3dd00000) (1024K)]
  0x000001aefb694ff0 JavaThread "Monitor Deflation Thread"   daemon [_thread_blocked, id=16612, stack(0x0000008e3dd00000,0x0000008e3de00000) (1024K)]
=>0x000001aefb695d70 JavaThread "C2 CompilerThread0"         daemon [_thread_in_native, id=23432, stack(0x0000008e3de00000,0x0000008e3df00000) (1024K)]
  0x000001aefb7096f0 JavaThread "C1 CompilerThread0"         daemon [_thread_in_native, id=22108, stack(0x0000008e3df00000,0x0000008e3e000000) (1024K)]
  0x000001aeff7d0970 JavaThread "Common-Cleaner"             daemon [_thread_blocked, id=10920, stack(0x0000008e3e000000,0x0000008e3e100000) (1024K)]
  0x000001aeff927190 JavaThread "Notification Thread"        daemon [_thread_blocked, id=21352, stack(0x0000008e3e100000,0x0000008e3e200000) (1024K)]
  0x000001aeff9ddd10 JavaThread "Active Thread: Equinox Container: 3cba4c63-6204-4452-99d5-ac16d068d9ab"        [_thread_blocked, id=7828, stack(0x0000008e3e300000,0x0000008e3e400000) (1024K)]
Total: 12

Other Threads:
  0x000001aefb89c0f0 VMThread "VM Thread"                           [id=14844, stack(0x0000008e3d700000,0x0000008e3d800000) (1024K)]
  0x000001aefb66ca00 WatcherThread "VM Periodic Task Thread"        [id=4276, stack(0x0000008e3d600000,0x0000008e3d700000) (1024K)]
  0x000001aefb7fa320 WorkerThread "GC Thread#0"                     [id=12444, stack(0x0000008e3d500000,0x0000008e3d600000) (1024K)]
  0x000001aed8036bc0 WorkerThread "GC Thread#1"                     [id=18140, stack(0x0000008e3e200000,0x0000008e3e300000) (1024K)]
Total: 4

Threads with active compile tasks:
C2 CompilerThread0  17103 1779 %     4       java.io.WinNTFileSystem::normalize @ 58 (224 bytes)
C1 CompilerThread0  17103 1790       3       java.net.URL::<init> (438 bytes)
Total: 2

VM state: not at safepoint (normal execution)

VM Mutex/Monitor currently owned by a thread: None

Heap address: 0x0000000080000000, size: 2048 MB, Compressed Oops mode: 32-bit

CDS archive(s) mapped at: [0x000001ae93000000-0x000001ae93ba0000-0x000001ae93ba0000), size 12189696, SharedBaseAddress: 0x000001ae93000000, ArchiveRelocationMode: 1.
Compressed class space mapped at: 0x000001ae94000000-0x000001aed4000000, reserved size: 1073741824
Narrow klass base: 0x000001ae93000000, Narrow klass shift: 0, Narrow klass range: 0x100000000

GC Precious Log:
 CardTable entry size: 512
 CPUs: 2 total, 2 available
 Memory: 6020M
 Large Page Support: Disabled
 NUMA Support: Disabled
 Compressed Oops: Enabled (32-bit)
 Alignments: Space 512K, Generation 512K, Heap 2M
 Heap Min Capacity: 100M
 Heap Initial Capacity: 100M
 Heap Max Capacity: 2G
 Pre-touch: Disabled
 Parallel Workers: 2

Heap:
 PSYoungGen      total 29696K, used 28415K [0x00000000d5580000, 0x00000000d7680000, 0x0000000100000000)
  eden space 25600K, 98% used [0x00000000d5580000,0x00000000d6e05ff0,0x00000000d6e80000)
  from space 4096K, 80% used [0x00000000d6e80000,0x00000000d71b9e98,0x00000000d7280000)
  to   space 4096K, 0% used [0x00000000d7280000,0x00000000d7280000,0x00000000d7680000)
 ParOldGen       total 68608K, used 0K [0x0000000080000000, 0x0000000084300000, 0x00000000d5580000)
  object space 68608K, 0% used [0x0000000080000000,0x0000000080000000,0x0000000084300000)
 Metaspace       used 8001K, committed 8320K, reserved 1114112K
  class space    used 835K, committed 960K, reserved 1048576K

Card table byte_map: [0x000001aefb180000,0x000001aefb590000] _byte_map_base: 0x000001aefad80000

Marking Bits: (ParMarkBitMap*) 0x00007ffb733a2460
 Begin Bits: [0x000001ae8f000000, 0x000001ae91000000)
 End Bits:   [0x000001ae91000000, 0x000001ae93000000)

Polling page: 0x000001aef9460000

Metaspace:

Usage:
  Non-class:      7.00 MB used.
      Class:    835.06 KB used.
       Both:      7.81 MB used.

Virtual space:
  Non-class space:       64.00 MB reserved,       7.19 MB ( 11%) committed,  1 nodes.
      Class space:        1.00 GB reserved,     960.00 KB ( <1%) committed,  1 nodes.
             Both:        1.06 GB reserved,       8.12 MB ( <1%) committed. 

Chunk freelists:
   Non-Class:  8.80 MB
       Class:  14.91 MB
        Both:  23.70 MB

MaxMetaspaceSize: unlimited
CompressedClassSpaceSize: 1.00 GB
Initial GC threshold: 21.00 MB
Current GC threshold: 21.00 MB
CDS: on
 - commit_granule_bytes: 65536.
 - commit_granule_words: 8192.
 - virtual_space_node_default_size: 8388608.
 - enlarge_chunks_in_place: 1.
 - use_allocation_guard: 0.


Internal statistics:

num_allocs_failed_limit: 0.
num_arena_births: 228.
num_arena_deaths: 0.
num_vsnodes_births: 2.
num_vsnodes_deaths: 0.
num_space_committed: 130.
num_space_uncommitted: 0.
num_chunks_returned_to_freelist: 0.
num_chunks_taken_from_freelist: 422.
num_chunk_merges: 0.
num_chunk_splits: 269.
num_chunks_enlarged: 179.
num_inconsistent_stats: 0.

CodeHeap 'non-profiled nmethods': size=120064Kb used=757Kb max_used=757Kb free=119306Kb
 bounds [0x000001ae87ac0000, 0x000001ae87d30000, 0x000001ae8f000000]
CodeHeap 'profiled nmethods': size=120000Kb used=3284Kb max_used=3284Kb free=116715Kb
 bounds [0x000001ae80000000, 0x000001ae80340000, 0x000001ae87530000]
CodeHeap 'non-nmethods': size=5696Kb used=1215Kb max_used=1230Kb free=4480Kb
 bounds [0x000001ae87530000, 0x000001ae877a0000, 0x000001ae87ac0000]
CodeCache: size=245760Kb, used=5256Kb, max_used=5271Kb, free=240501Kb
 total_blobs=2271, nmethods=1788, adapters=390, full_count=0
Compilation: enabled, stopped_count=0, restarted_count=0

Compilation events (20 events):
Event: 16.918 Thread 0x000001aefb695d70 1777       4       java.lang.StringLatin1::inflate (34 bytes)
Event: 16.919 Thread 0x000001aefb7096f0 1778       3       java.lang.ThreadLocal$ThreadLocalMap::getEntry (42 bytes)
Event: 16.920 Thread 0x000001aefb7096f0 nmethod 1778 0x000001ae80330910 code [0x000001ae80330ae0, 0x000001ae80330ea0]
Event: 16.922 Thread 0x000001aefb695d70 nmethod 1777 0x000001ae87b7ce90 code [0x000001ae87b7d020, 0x000001ae87b7d1b0]
Event: 16.922 Thread 0x000001aefb695d70 1779 %     4       java.io.WinNTFileSystem::normalize @ 58 (224 bytes)
Event: 16.928 Thread 0x000001aefb7096f0 1780       3       java.lang.StringLatin1::getChars (12 bytes)
Event: 16.928 Thread 0x000001aefb7096f0 nmethod 1780 0x000001ae80331090 code [0x000001ae80331240, 0x000001ae80331368]
Event: 16.929 Thread 0x000001aefb7096f0 1781       3       org.eclipse.osgi.framework.util.SecureAction::getProperty (31 bytes)
Event: 16.930 Thread 0x000001aefb7096f0 nmethod 1781 0x000001ae80331410 code [0x000001ae80331600, 0x000001ae80331a58]
Event: 16.935 Thread 0x000001aefb7096f0 1783       3       org.eclipse.osgi.internal.framework.EquinoxConfiguration$ConfigValues::internalGet (24 bytes)
Event: 16.935 Thread 0x000001aefb7096f0 nmethod 1783 0x000001ae80331c10 code [0x000001ae80331e20, 0x000001ae80332418]
Event: 16.936 Thread 0x000001aefb7096f0 1784       3       java.lang.ThreadLocal::getMap (5 bytes)
Event: 16.936 Thread 0x000001aefb7096f0 nmethod 1784 0x000001ae80332610 code [0x000001ae803327a0, 0x000001ae803328b8]
Event: 16.939 Thread 0x000001aefb7096f0 1785       3       java.io.File::isAbsolute (8 bytes)
Event: 16.939 Thread 0x000001aefb7096f0 nmethod 1785 0x000001ae80332990 code [0x000001ae80332b40, 0x000001ae80332c90]
Event: 16.939 Thread 0x000001aefb7096f0 1786       3       java.io.WinNTFileSystem::isAbsolute (36 bytes)
Event: 16.939 Thread 0x000001aefb7096f0 nmethod 1786 0x000001ae80332d10 code [0x000001ae80332f20, 0x000001ae803335b0]
Event: 16.941 Thread 0x000001aefb7096f0 1787       3       java.lang.ThreadLocal::get (35 bytes)
Event: 16.941 Thread 0x000001aefb7096f0 nmethod 1787 0x000001ae80333890 code [0x000001ae80333a60, 0x000001ae80333d68]
Event: 16.948 Thread 0x000001aefb7096f0 1788       3       sun.net.util.IPAddressUtil::checkUserInfo (44 bytes)

GC Heap History (2 events):
Event: 8.348 GC heap before
{Heap before GC invocations=1 (full 0):
 PSYoungGen      total 29696K, used 25600K [0x00000000d5580000, 0x00000000d7680000, 0x0000000100000000)
  eden space 25600K, 100% used [0x00000000d5580000,0x00000000d6e80000,0x00000000d6e80000)
  from space 4096K, 0% used [0x00000000d7280000,0x00000000d7280000,0x00000000d7680000)
  to   space 4096K, 0% used [0x00000000d6e80000,0x00000000d6e80000,0x00000000d7280000)
 ParOldGen       total 68608K, used 0K [0x0000000080000000, 0x0000000084300000, 0x00000000d5580000)
  object space 68608K, 0% used [0x0000000080000000,0x0000000080000000,0x0000000084300000)
 Metaspace       used 4390K, committed 4608K, reserved 1114112K
  class space    used 474K, committed 576K, reserved 1048576K
}
Event: 8.379 GC heap after
{Heap after GC invocations=1 (full 0):
 PSYoungGen      total 29696K, used 3303K [0x00000000d5580000, 0x00000000d7680000, 0x0000000100000000)
  eden space 25600K, 0% used [0x00000000d5580000,0x00000000d5580000,0x00000000d6e80000)
  from space 4096K, 80% used [0x00000000d6e80000,0x00000000d71b9e98,0x00000000d7280000)
  to   space 4096K, 0% used [0x00000000d7280000,0x00000000d7280000,0x00000000d7680000)
 ParOldGen       total 68608K, used 0K [0x0000000080000000, 0x0000000084300000, 0x00000000d5580000)
  object space 68608K, 0% used [0x0000000080000000,0x0000000080000000,0x0000000084300000)
 Metaspace       used 4390K, committed 4608K, reserved 1114112K
  class space    used 474K, committed 576K, reserved 1048576K
}

Dll operation events (8 events):
Event: 0.077 Loaded shared library c:\Users\franc\.vscode\extensions\redhat.java-1.50.0-win32-x64\jre\21.0.9-win32-x86_64\bin\java.dll
Event: 0.702 Loaded shared library c:\Users\franc\.vscode\extensions\redhat.java-1.50.0-win32-x64\jre\21.0.9-win32-x86_64\bin\zip.dll
Event: 1.053 Loaded shared library C:\Users\franc\.vscode\extensions\redhat.java-1.50.0-win32-x64\jre\21.0.9-win32-x86_64\bin\instrument.dll
Event: 1.098 Loaded shared library C:\Users\franc\.vscode\extensions\redhat.java-1.50.0-win32-x64\jre\21.0.9-win32-x86_64\bin\net.dll
Event: 1.105 Loaded shared library C:\Users\franc\.vscode\extensions\redhat.java-1.50.0-win32-x64\jre\21.0.9-win32-x86_64\bin\nio.dll
Event: 1.122 Loaded shared library C:\Users\franc\.vscode\extensions\redhat.java-1.50.0-win32-x64\jre\21.0.9-win32-x86_64\bin\zip.dll
Event: 1.267 Loaded shared library C:\Users\franc\.vscode\extensions\redhat.java-1.50.0-win32-x64\jre\21.0.9-win32-x86_64\bin\jimage.dll
Event: 2.973 Loaded shared library c:\Users\franc\.vscode\extensions\redhat.java-1.50.0-win32-x64\jre\21.0.9-win32-x86_64\bin\verify.dll

Deoptimization events (20 events):
Event: 15.758 Thread 0x000001aefb7dbd90 DEOPT PACKING pc=0x000001ae87b60d1c sp=0x0000008e3d4fe740
Event: 15.758 Thread 0x000001aefb7dbd90 DEOPT UNPACKING pc=0x000001ae87583aa2 sp=0x0000008e3d4fe688 mode 2
Event: 15.801 Thread 0x000001aefb7dbd90 Uncommon trap: trap_request=0xffffffc6 fr.pc=0x000001ae87b60d1c relative=0x000000000000067c
Event: 15.801 Thread 0x000001aefb7dbd90 Uncommon trap: reason=bimorphic_or_optimized_type_check action=maybe_recompile pc=0x000001ae87b60d1c method=java.util.Collections$UnmodifiableCollection$1.<init>(Ljava/util/Collections$UnmodifiableCollection;)V @ 17 c2
Event: 15.801 Thread 0x000001aefb7dbd90 DEOPT PACKING pc=0x000001ae87b60d1c sp=0x0000008e3d4fe600
Event: 15.801 Thread 0x000001aefb7dbd90 DEOPT UNPACKING pc=0x000001ae87583aa2 sp=0x0000008e3d4fe548 mode 2
Event: 16.069 Thread 0x000001aefb7dbd90 Uncommon trap: trap_request=0xffffffde fr.pc=0x000001ae87b491ac relative=0x0000000000000a4c
Event: 16.069 Thread 0x000001aefb7dbd90 Uncommon trap: reason=class_check action=maybe_recompile pc=0x000001ae87b491ac method=java.util.HashMap.putVal(ILjava/lang/Object;Ljava/lang/Object;ZZ)Ljava/lang/Object; @ 253 c2
Event: 16.069 Thread 0x000001aefb7dbd90 DEOPT PACKING pc=0x000001ae87b491ac sp=0x0000008e3d4fe460
Event: 16.069 Thread 0x000001aefb7dbd90 DEOPT UNPACKING pc=0x000001ae87583aa2 sp=0x0000008e3d4fe3f0 mode 2
Event: 16.079 Thread 0x000001aefb7dbd90 Uncommon trap: trap_request=0xffffffde fr.pc=0x000001ae87b491ac relative=0x0000000000000a4c
Event: 16.079 Thread 0x000001aefb7dbd90 Uncommon trap: reason=class_check action=maybe_recompile pc=0x000001ae87b491ac method=java.util.HashMap.putVal(ILjava/lang/Object;Ljava/lang/Object;ZZ)Ljava/lang/Object; @ 253 c2
Event: 16.079 Thread 0x000001aefb7dbd90 DEOPT PACKING pc=0x000001ae87b491ac sp=0x0000008e3d4fe460
Event: 16.079 Thread 0x000001aefb7dbd90 DEOPT UNPACKING pc=0x000001ae87583aa2 sp=0x0000008e3d4fe3f0 mode 2
Event: 16.642 Thread 0x000001aefb7dbd90 Uncommon trap: trap_request=0xffffffc6 fr.pc=0x000001ae87b61ba8 relative=0x0000000000000608
Event: 16.642 Thread 0x000001aefb7dbd90 Uncommon trap: reason=bimorphic_or_optimized_type_check action=maybe_recompile pc=0x000001ae87b61ba8 method=java.util.Collections$UnmodifiableCollection$1.<init>(Ljava/util/Collections$UnmodifiableCollection;)V @ 17 c2
Event: 16.642 Thread 0x000001aefb7dbd90 DEOPT PACKING pc=0x000001ae87b61ba8 sp=0x0000008e3d4fe7a0
Event: 16.642 Thread 0x000001aefb7dbd90 DEOPT UNPACKING pc=0x000001ae87583aa2 sp=0x0000008e3d4fe758 mode 2
Event: 16.684 Thread 0x000001aefb7dbd90 DEOPT PACKING pc=0x000001ae800fd886 sp=0x0000008e3d4fc4b0
Event: 16.684 Thread 0x000001aefb7dbd90 DEOPT UNPACKING pc=0x000001ae87584242 sp=0x0000008e3d4fb930 mode 0

Classes loaded (20 events):
Event: 16.587 Loading class java/security/KeyStoreException
Event: 16.599 Loading class java/security/KeyStoreException done
Event: 16.821 Loading class java/util/LinkedList$Node
Event: 16.821 Loading class java/util/LinkedList$Node done
Event: 16.821 Loading class java/util/LinkedList$ListItr
Event: 16.821 Loading class java/util/LinkedList$ListItr done
Event: 16.832 Loading class java/lang/Thread$Builder$OfPlatform
Event: 16.834 Loading class java/lang/Thread$Builder
Event: 16.834 Loading class java/lang/Thread$Builder done
Event: 16.834 Loading class java/lang/Thread$Builder$OfPlatform done
Event: 16.834 Loading class java/lang/Thread$Builder$OfVirtual
Event: 16.834 Loading class java/lang/Thread$Builder$OfVirtual done
Event: 16.865 Loading class sun/nio/fs/WindowsChannelFactory
Event: 16.880 Loading class sun/nio/fs/WindowsChannelFactory done
Event: 16.880 Loading class sun/nio/fs/WindowsChannelFactory$1
Event: 16.880 Loading class sun/nio/fs/WindowsChannelFactory$1 done
Event: 16.880 Loading class sun/nio/fs/WindowsChannelFactory$Flags
Event: 16.880 Loading class sun/nio/fs/WindowsChannelFactory$Flags done
Event: 16.880 Loading class sun/nio/ch/FileChannelImpl$Closer
Event: 16.900 Loading class sun/nio/ch/FileChannelImpl$Closer done

Classes unloaded (0 events):
No events

Classes redefined (0 events):
No events

Internal exceptions (20 events):
Event: 7.561 Thread 0x000001aefb7dbd90 Exception <a 'java/lang/NoSuchMethodError'{0x00000000d65debc0}: 'java.lang.Object java.lang.invoke.DirectMethodHandle$Holder.invokeInterface(java.lang.Object, java.lang.Object, int)'> (0x00000000d65debc0) 
thrown [s\src\hotspot\share\interpreter\linkResolver.cpp, line 773]
Event: 7.849 Thread 0x000001aefb7dbd90 Exception <a 'java/lang/NoSuchMethodError'{0x00000000d6a43478}: 'java.lang.ClassLoader java.lang.ClassLoader.getPlatformClassLoader(java.lang.Class)'> (0x00000000d6a43478) 
thrown [s\src\hotspot\share\interpreter\linkResolver.cpp, line 773]
Event: 8.336 Thread 0x000001aefb7dbd90 Exception <a 'java/lang/ClassNotFoundException'{0x00000000d6e60710}: sun/net/www/protocol/c/Handler> (0x00000000d6e60710) 
thrown [s\src\hotspot\share\classfile\systemDictionary.cpp, line 312]
Event: 8.336 Thread 0x000001aefb7dbd90 Exception <a 'java/lang/ClassNotFoundException'{0x00000000d6e61a98}: sun/net/www/protocol/c/Handler> (0x00000000d6e61a98) 
thrown [s\src\hotspot\share\classfile\systemDictionary.cpp, line 312]
Event: 8.336 Thread 0x000001aefb7dbd90 Exception <a 'java/lang/ClassNotFoundException'{0x00000000d6e62c58}: sun/net/www/protocol/c/Handler> (0x00000000d6e62c58) 
thrown [s\src\hotspot\share\classfile\systemDictionary.cpp, line 312]
Event: 8.384 Thread 0x000001aefb7dbd90 Exception <a 'java/io/FileNotFoundException'{0x00000000d558f1d8}> (0x00000000d558f1d8) 
thrown [s\src\hotspot\share\prims\jni.cpp, line 520]
Event: 8.468 Thread 0x000001aefb7dbd90 Implicit null exception at 0x000001ae87b1e449 to 0x000001ae87b1edbc
Event: 8.468 Thread 0x000001aefb7dbd90 Implicit null exception at 0x000001ae87b2e51a to 0x000001ae87b2e720
Event: 8.468 Thread 0x000001aefb7dbd90 Exception <a 'java/lang/NoSuchMethodError'{0x00000000d56fe368}: 'void java.lang.invoke.DirectMethodHandle$Holder.invokeStatic(java.lang.Object, java.lang.Object, java.lang.Object, java.lang.Object)'> (0x00000000d56fe368) 
thrown [s\src\hotspot\share\interpreter\linkResolver.cpp, line 773]
Event: 8.471 Thread 0x000001aefb7dbd90 Implicit null exception at 0x000001ae87b2d71a to 0x000001ae87b2d924
Event: 8.471 Thread 0x000001aefb7dbd90 Implicit null exception at 0x000001ae87b1dfbd to 0x000001ae87b1e041
Event: 8.721 Thread 0x000001aefb7dbd90 Exception <a 'java/lang/NoSuchMethodError'{0x00000000d5998518}: 'void java.lang.invoke.DirectMethodHandle$Holder.invokeSpecial(java.lang.Object, java.lang.Object, java.lang.Object)'> (0x00000000d5998518) 
thrown [s\src\hotspot\share\interpreter\linkResolver.cpp, line 773]
Event: 11.736 Thread 0x000001aefb7dbd90 Exception <a 'java/lang/NoSuchMethodError'{0x00000000d63a4288}: 'int java.lang.invoke.DirectMethodHandle$Holder.invokeVirtual(java.lang.Object, java.lang.Object)'> (0x00000000d63a4288) 
thrown [s\src\hotspot\share\interpreter\linkResolver.cpp, line 773]
Event: 15.526 Thread 0x000001aefb7dbd90 Exception <a 'java/lang/NoSuchMethodError'{0x00000000d6524ef8}: 'int java.lang.invoke.DirectMethodHandle$Holder.invokeStaticInit(java.lang.Object, java.lang.Object, java.lang.Object, java.lang.Object)'> (0x00000000d6524ef8) 
thrown [s\src\hotspot\share\interpreter\linkResolver.cpp, line 773]
Event: 15.533 Thread 0x000001aefb7dbd90 Exception <a 'java/lang/IncompatibleClassChangeError'{0x00000000d652d300}: Found class java.lang.Object, but interface was expected> (0x00000000d652d300) 
thrown [s\src\hotspot\share\interpreter\linkResolver.cpp, line 840]
Event: 15.534 Thread 0x000001aefb7dbd90 Exception <a 'java/lang/NoSuchMethodError'{0x00000000d65338b0}: 'void java.lang.invoke.DirectMethodHandle$Holder.invokeStaticInit(java.lang.Object, java.lang.Object)'> (0x00000000d65338b0) 
thrown [s\src\hotspot\share\interpreter\linkResolver.cpp, line 773]
Event: 15.539 Thread 0x000001aefb7dbd90 Exception <a 'java/lang/NoSuchMethodError'{0x00000000d653ea48}: 'int java.lang.invoke.DirectMethodHandle$Holder.invokeStaticInit(java.lang.Object, java.lang.Object)'> (0x00000000d653ea48) 
thrown [s\src\hotspot\share\interpreter\linkResolver.cpp, line 773]
Event: 16.002 Thread 0x000001aefb7dbd90 Exception <a 'java/lang/NoSuchMethodError'{0x00000000d6783860}: 'java.lang.Object java.lang.invoke.DirectMethodHandle$Holder.newInvokeSpecial(java.lang.Object, int, java.lang.Object)'> (0x00000000d6783860) 
thrown [s\src\hotspot\share\interpreter\linkResolver.cpp, line 773]
Event: 16.395 Thread 0x000001aefb7dbd90 Exception <a 'java/lang/ClassNotFoundException'{0x00000000d699d588}: sun/net/www/protocol/plurl/Handler> (0x00000000d699d588) 
thrown [s\src\hotspot\share\classfile\systemDictionary.cpp, line 312]
Event: 16.396 Thread 0x000001aefb7dbd90 Exception <a 'java/lang/ClassNotFoundException'{0x00000000d699e408}: sun/net/www/protocol/plurl/Handler> (0x00000000d699e408) 
thrown [s\src\hotspot\share\classfile\systemDictionary.cpp, line 312]

ZGC Phase Switch (0 events):
No events

VM Operations (20 events):
Event: 9.394 Executing VM operation: Cleanup
Event: 9.424 Executing VM operation: Cleanup done
Event: 10.428 Executing VM operation: Cleanup
Event: 10.445 Executing VM operation: Cleanup done
Event: 11.447 Executing VM operation: Cleanup
Event: 11.447 Executing VM operation: Cleanup done
Event: 12.460 Executing VM operation: Cleanup
Event: 12.460 Executing VM operation: Cleanup done
Event: 14.468 Executing VM operation: Cleanup
Event: 14.613 Executing VM operation: Cleanup done
Event: 15.613 Executing VM operation: Cleanup
Event: 15.629 Executing VM operation: Cleanup done
Event: 15.787 Executing VM operation: HandshakeAllThreads (Deoptimize)
Event: 15.788 Executing VM operation: HandshakeAllThreads (Deoptimize) done
Event: 15.896 Executing VM operation: HandshakeAllThreads (Deoptimize)
Event: 15.896 Executing VM operation: HandshakeAllThreads (Deoptimize) done
Event: 16.256 Executing VM operation: HandshakeAllThreads (Deoptimize)
Event: 16.256 Executing VM operation: HandshakeAllThreads (Deoptimize) done
Event: 16.357 Executing VM operation: HandshakeAllThreads (Deoptimize)
Event: 16.357 Executing VM operation: HandshakeAllThreads (Deoptimize) done

Memory protections (0 events):
No events

Nmethod flushes (0 events):
No events

Events (12 events):
Event: 0.148 Thread 0x000001aefb7dbd90 Thread added: 0x000001aefb7dbd90
Event: 0.203 Thread 0x000001aefb7dbd90 Thread added: 0x000001aefb688d70
Event: 0.203 Thread 0x000001aefb7dbd90 Thread added: 0x000001aefb68af20
Event: 0.203 Thread 0x000001aefb7dbd90 Thread added: 0x000001aefb68bf00
Event: 0.203 Thread 0x000001aefb7dbd90 Thread added: 0x000001aefb690230
Event: 0.203 Thread 0x000001aefb7dbd90 Thread added: 0x000001aefb6945a0
Event: 0.203 Thread 0x000001aefb7dbd90 Thread added: 0x000001aefb694ff0
Event: 0.203 Thread 0x000001aefb7dbd90 Thread added: 0x000001aefb695d70
Event: 0.210 Thread 0x000001aefb7dbd90 Thread added: 0x000001aefb7096f0
Event: 1.079 Thread 0x000001aefb7dbd90 Thread added: 0x000001aeff7d0970
Event: 4.598 Thread 0x000001aefb7dbd90 Thread added: 0x000001aeff927190
Event: 15.669 Thread 0x000001aefb7dbd90 Thread added: 0x000001aeff9ddd10


Dynamic libraries:
0x00007ff7107d0000 - 0x00007ff7107de000 	c:\Users\franc\.vscode\extensions\redhat.java-1.50.0-win32-x64\jre\21.0.9-win32-x86_64\bin\java.exe
0x00007ffbde7e0000 - 0x00007ffbdea48000 	C:\WINDOWS\SYSTEM32\ntdll.dll
0x00007ffbdcd00000 - 0x00007ffbdcdc9000 	C:\WINDOWS\System32\KERNEL32.DLL
0x00007ffbdb930000 - 0x00007ffbdbd28000 	C:\WINDOWS\System32\KERNELBASE.dll
0x00007ffbdbd30000 - 0x00007ffbdbe7b000 	C:\WINDOWS\System32\ucrtbase.dll
0x00007ffbce8a0000 - 0x00007ffbce8b8000 	c:\Users\franc\.vscode\extensions\redhat.java-1.50.0-win32-x64\jre\21.0.9-win32-x86_64\bin\jli.dll
0x00007ffbddd30000 - 0x00007ffbddef7000 	C:\WINDOWS\System32\USER32.dll
0x00007ffbdbff0000 - 0x00007ffbdc017000 	C:\WINDOWS\System32\win32u.dll
0x00007ffbce660000 - 0x00007ffbce67e000 	c:\Users\franc\.vscode\extensions\redhat.java-1.50.0-win32-x64\jre\21.0.9-win32-x86_64\bin\VCRUNTIME140.dll
0x00007ffbde070000 - 0x00007ffbde09b000 	C:\WINDOWS\System32\GDI32.dll
0x00007ffbdc2e0000 - 0x00007ffbdc40c000 	C:\WINDOWS\System32\gdi32full.dll
0x00007ffbdc230000 - 0x00007ffbdc2d3000 	C:\WINDOWS\System32\msvcp_win.dll
0x00007ffbb8f90000 - 0x00007ffbb9224000 	C:\WINDOWS\WinSxS\amd64_microsoft.windows.common-controls_6595b64144ccf1df_6.0.26100.7019_none_3e06ffa0e335b8a8\COMCTL32.dll
0x00007ffbddfb0000 - 0x00007ffbde059000 	C:\WINDOWS\System32\msvcrt.dll
0x00007ffbdc5e0000 - 0x00007ffbdc611000 	C:\WINDOWS\System32\IMM32.DLL
0x00007ffbd0850000 - 0x00007ffbd085c000 	c:\Users\franc\.vscode\extensions\redhat.java-1.50.0-win32-x64\jre\21.0.9-win32-x86_64\bin\vcruntime140_1.dll
0x00007ffbbb710000 - 0x00007ffbbb79d000 	c:\Users\franc\.vscode\extensions\redhat.java-1.50.0-win32-x64\jre\21.0.9-win32-x86_64\bin\msvcp140.dll
0x00007ffb726e0000 - 0x00007ffb73480000 	c:\Users\franc\.vscode\extensions\redhat.java-1.50.0-win32-x64\jre\21.0.9-win32-x86_64\bin\server\jvm.dll
0x00007ffbdcef0000 - 0x00007ffbdcfa4000 	C:\WINDOWS\System32\ADVAPI32.dll
0x00007ffbddf00000 - 0x00007ffbddfa6000 	C:\WINDOWS\System32\sechost.dll
0x00007ffbde680000 - 0x00007ffbde798000 	C:\WINDOWS\System32\RPCRT4.dll
0x00007ffbdcae0000 - 0x00007ffbdcb54000 	C:\WINDOWS\System32\WS2_32.dll
0x00007ffbdb7b0000 - 0x00007ffbdb80e000 	C:\WINDOWS\SYSTEM32\POWRPROF.dll
0x00007ffbd4c10000 - 0x00007ffbd4c45000 	C:\WINDOWS\SYSTEM32\WINMM.dll
0x00007ffbd4c50000 - 0x00007ffbd4c5b000 	C:\WINDOWS\SYSTEM32\VERSION.dll
0x00007ffbdb790000 - 0x00007ffbdb7a4000 	C:\WINDOWS\SYSTEM32\UMPDC.dll
0x00007ffbda6f0000 - 0x00007ffbda70b000 	C:\WINDOWS\SYSTEM32\kernel.appcore.dll
0x00007ffbd0700000 - 0x00007ffbd070a000 	c:\Users\franc\.vscode\extensions\redhat.java-1.50.0-win32-x64\jre\21.0.9-win32-x86_64\bin\jimage.dll
0x00007ffbd9150000 - 0x00007ffbd9392000 	C:\WINDOWS\SYSTEM32\DBGHELP.DLL
0x00007ffbde210000 - 0x00007ffbde59b000 	C:\WINDOWS\System32\combase.dll
0x00007ffbdd290000 - 0x00007ffbdd367000 	C:\WINDOWS\System32\OLEAUT32.dll
0x00007ffbcb290000 - 0x00007ffbcb2cc000 	C:\WINDOWS\SYSTEM32\dbgcore.DLL
0x00007ffbdbe80000 - 0x00007ffbdbf25000 	C:\WINDOWS\System32\bcryptPrimitives.dll
0x00007ffbd09f0000 - 0x00007ffbd09ff000 	c:\Users\franc\.vscode\extensions\redhat.java-1.50.0-win32-x64\jre\21.0.9-win32-x86_64\bin\instrument.dll
0x00007ffbce640000 - 0x00007ffbce660000 	c:\Users\franc\.vscode\extensions\redhat.java-1.50.0-win32-x64\jre\21.0.9-win32-x86_64\bin\java.dll
0x00007ffbdd5d0000 - 0x00007ffbddd1f000 	C:\WINDOWS\System32\SHELL32.dll
0x00007ffbdc410000 - 0x00007ffbdc57b000 	C:\WINDOWS\System32\wintypes.dll
0x00007ffbd9590000 - 0x00007ffbd9ded000 	C:\WINDOWS\SYSTEM32\windows.storage.dll
0x00007ffbde0a0000 - 0x00007ffbde192000 	C:\WINDOWS\System32\SHCORE.dll
0x00007ffbdd560000 - 0x00007ffbdd5c7000 	C:\WINDOWS\System32\shlwapi.dll
0x00007ffbdb850000 - 0x00007ffbdb879000 	C:\WINDOWS\SYSTEM32\profapi.dll
0x00007ffbce560000 - 0x00007ffbce578000 	c:\Users\franc\.vscode\extensions\redhat.java-1.50.0-win32-x64\jre\21.0.9-win32-x86_64\bin\zip.dll
0x00007ffbd03f0000 - 0x00007ffbd0400000 	C:\Users\franc\.vscode\extensions\redhat.java-1.50.0-win32-x64\jre\21.0.9-win32-x86_64\bin\net.dll
0x00007ffbd1670000 - 0x00007ffbd1798000 	C:\WINDOWS\SYSTEM32\WINHTTP.dll
0x00007ffbdac60000 - 0x00007ffbdaccb000 	C:\WINDOWS\system32\mswsock.dll
0x00007ffbce540000 - 0x00007ffbce556000 	C:\Users\franc\.vscode\extensions\redhat.java-1.50.0-win32-x64\jre\21.0.9-win32-x86_64\bin\nio.dll
0x00007ffbcec70000 - 0x00007ffbcec80000 	c:\Users\franc\.vscode\extensions\redhat.java-1.50.0-win32-x64\jre\21.0.9-win32-x86_64\bin\verify.dll

JVMTI agents:
c:\Users\franc\.vscode\extensions\redhat.java-1.50.0-win32-x64\lombok\lombok-1.18.39-4050.jar path:c:\Users\franc\.vscode\extensions\redhat.java-1.50.0-win32-x64\jre\21.0.9-win32-x86_64\bin\instrument.dll, loaded, initialized, instrumentlib options:none

dbghelp: loaded successfully - version: 4.0.5 - missing functions: none
symbol engine: initialized successfully - sym options: 0x614 - pdb path: .;c:\Users\franc\.vscode\extensions\redhat.java-1.50.0-win32-x64\jre\21.0.9-win32-x86_64\bin;C:\WINDOWS\SYSTEM32;C:\WINDOWS\WinSxS\amd64_microsoft.windows.common-controls_6595b64144ccf1df_6.0.26100.7019_none_3e06ffa0e335b8a8;c:\Users\franc\.vscode\extensions\redhat.java-1.50.0-win32-x64\jre\21.0.9-win32-x86_64\bin\server

VM Arguments:
jvm_args: --add-modules=ALL-SYSTEM --add-opens=java.base/java.util=ALL-UNNAMED --add-opens=java.base/java.lang=ALL-UNNAMED --add-opens=java.base/sun.nio.fs=ALL-UNNAMED -Declipse.application=org.eclipse.jdt.ls.core.id1 -Dosgi.bundles.defaultStartLevel=4 -Declipse.product=org.eclipse.jdt.ls.core.product -Djava.import.generatesMetadataFilesAtProjectRoot=false -DDetectVMInstallationsJob.disabled=true -Dfile.encoding=utf8 -XX:+UseParallelGC -XX:GCTimeRatio=4 -XX:AdaptiveSizePolicyWeight=90 -Dsun.zip.disableMemoryMapping=true -Xmx2G -Xms100m -Xlog:disable -javaagent:c:\Users\franc\.vscode\extensions\redhat.java-1.50.0-win32-x64\lombok\lombok-1.18.39-4050.jar -XX:+HeapDumpOnOutOfMemoryError -XX:HeapDumpPath=c:\Users\franc\AppData\Roaming\Code\User\workspaceStorage\1deb75d25f63998db61618f50a891bc7\redhat.java -Daether.dependencyCollector.impl=bf 
java_command: c:\Users\franc\.vscode\extensions\redhat.java-1.50.0-win32-x64\server\plugins\org.eclipse.equinox.launcher_1.7.100.v20251111-0406.jar -configuration c:\Users\franc\AppData\Roaming\Code\User\globalStorage\redhat.java\1.50.0\config_win -data c:\Users\franc\AppData\Roaming\Code\User\workspaceStorage\1deb75d25f63998db61618f50a891bc7\redhat.java\jdt_ws --pipe=\\.\pipe\lsp-dbfebd4e3612d3310933a800c637b473-sock
java_class_path (initial): c:\Users\franc\.vscode\extensions\redhat.java-1.50.0-win32-x64\server\plugins\org.eclipse.equinox.launcher_1.7.100.v20251111-0406.jar
Launcher Type: SUN_STANDARD

[Global flags]
    uintx AdaptiveSizePolicyWeight                 = 90                                        {product} {command line}
     intx CICompilerCount                          = 2                                         {product} {ergonomic}
    uintx GCTimeRatio                              = 4                                         {product} {command line}
     bool HeapDumpOnOutOfMemoryError               = true                                   {manageable} {command line}
    ccstr HeapDumpPath                             = c:\Users\franc\AppData\Roaming\Code\User\workspaceStorage\1deb75d25f63998db61618f50a891bc7\redhat.java         {manageable} {command line}
   size_t InitialHeapSize                          = 104857600                                 {product} {command line}
   size_t MaxHeapSize                              = 2147483648                                {product} {command line}
   size_t MaxNewSize                               = 715653120                                 {product} {ergonomic}
   size_t MinHeapDeltaBytes                        = 524288                                    {product} {ergonomic}
   size_t MinHeapSize                              = 104857600                                 {product} {command line}
   size_t NewSize                                  = 34603008                                  {product} {ergonomic}
    uintx NonNMethodCodeHeapSize                   = 5826188                                {pd product} {ergonomic}
    uintx NonProfiledCodeHeapSize                  = 122916026                              {pd product} {ergonomic}
   size_t OldSize                                  = 70254592                                  {product} {ergonomic}
    uintx ProfiledCodeHeapSize                     = 122916026                              {pd product} {ergonomic}
    uintx ReservedCodeCacheSize                    = 251658240                              {pd product} {ergonomic}
     bool SegmentedCodeCache                       = true                                      {product} {ergonomic}
   size_t SoftMaxHeapSize                          = 2147483648                             {manageable} {ergonomic}
     bool UseCompressedOops                        = true                           {product lp64_product} {ergonomic}
     bool UseLargePagesIndividualAllocation        = false                                  {pd product} {ergonomic}
     bool UseParallelGC                            = true                                      {product} {command line}

Logging:
Log output configuration:
 #0: stdout all=off uptime,level,tags foldmultilines=false
 #1: stderr all=off uptime,level,tags foldmultilines=false

Release file:
JAVA_VERSION="21.0.9" 
MODULES="java.base java.compiler java.datatransfer java.xml java.prefs java.desktop java.instrument java.logging java.management java.security.sasl java.naming java.rmi java.management.rmi java.net.http java.scripting java.security.jgss java.transaction.xa java.sql java.sql.rowset java.xml.crypto java.se java.smartcardio jdk.accessibility jdk.internal.jvmstat jdk.attach jdk.charsets jdk.internal.opt jdk.zipfs jdk.compiler jdk.crypto.ec jdk.crypto.cryptoki jdk.crypto.mscapi jdk.dynalink jdk.internal.ed jdk.editpad jdk.hotspot.agent jdk.httpserver jdk.internal.le jdk.internal.vm.ci jdk.internal.vm.compiler jdk.internal.vm.compiler.management jdk.jartool jdk.javadoc jdk.jcmd jdk.management jdk.management.agent jdk.jconsole jdk.jdeps jdk.jdwp.agent jdk.jdi jdk.jfr jdk.jshell jdk.jsobject jdk.jstatd jdk.localedata jdk.management.jfr jdk.naming.dns jdk.naming.rmi jdk.net jdk.nio.mapmode jdk.random jdk.sctp jdk.security.auth jdk.security.jgss jdk.unsupported jdk.unsupported.desktop jdk.xml.dom" 

Environment Variables:
PATH=C:\Python312\Scripts\;C:\Python312\;C:\Program Files\Common Files\Oracle\Java\javapath;C:\Program Files (x86)\Common Files\Oracle\Java\javapath;C:\WINDOWS\system32;C:\WINDOWS;C:\WINDOWS\System32\Wbem;C:\WINDOWS\System32\WindowsPowerShell\v1.0\;C:\WINDOWS\System32\OpenSSH\;C:\Program Files\dotnet\;C:\ProgramData\chocolatey\bin;C:\Program Files\Git\cmd;C:\WINDOWS\system32;C:\WINDOWS;C:\WINDOWS\System32\Wbem;C:\WINDOWS\System32\WindowsPowerShell\v1.0\;C:\WINDOWS\System32\OpenSSH\;C:\Program Files\nodejs\;C:\Users\franc\Desktop\src\flutter\bin;C:\Users\franc\Desktop\src\flutter\bin;C:\Users\franc\.dotnet\tools;C:\Users\franc\AppData\Local\Programs\Microsoft VS Code\bin;C:\Users\franc\Documents\flutter;C:\Users\franc\AppData\Roaming\npm;C:\Users\franc\Desktop\src\flutter\bin;
USERNAME=franc
OS=Windows_NT
PROCESSOR_IDENTIFIER=AMD64 Family 23 Model 24 Stepping 1, AuthenticAMD
TMP=C:\Users\franc\AppData\Local\Temp
TEMP=C:\Users\franc\AppData\Local\Temp




Periodic native trim disabled

---------------  S Y S T E M  ---------------

OS:
 Windows 11 , 64 bit Build 26100 (10.0.26100.7019)
OS uptime: 0 days 13:26 hours

CPU: total 2 (initial active 2) (2 cores per cpu, 1 threads per core) family 23 model 24 stepping 1 microcode 0x8108109, cx8, cmov, fxsr, mmx, 3dnowpref, sse, sse2, sse3, ssse3, sse4a, sse4.1, sse4.2, popcnt, lzcnt, tsc, tscinvbit, avx, avx2, aes, clmul, bmi1, bmi2, adx, sha, fma, vzeroupper, clflush, clflushopt, rdtscp, f16c
Processor Information for the first 2 processors :
  Max Mhz: 2300, Current Mhz: 2300, Mhz Limit: 2300

Memory: 4k page, system-wide physical 6020M (932M free)
TotalPageFile size 16178M (AvailPageFile size 188M)
current process WorkingSet (physical memory assigned to process): 84M, peak: 84M
current process commit charge ("private bytes"): 217M, peak: 217M

vm_info: OpenJDK 64-Bit Server VM (21.0.9+10-LTS) for windows-amd64 JRE (21.0.9+10-LTS), built on 2025-10-21T00:00:00Z by "admin" with unknown MS VC++:1942

END.
